mode: set
example.com/m/Dollar_String/Dollar.go:6.37,8.11 1 1
example.com/m/Dollar_String/Dollar.go:8.11,10.3 1 0
example.com/m/Dollar_String/Dollar.go:12.2,12.40 1 1
example.com/m/Dollar_String/Dollar.go:15.49,17.11 1 1
example.com/m/Dollar_String/Dollar.go:17.11,19.3 1 1
example.com/m/Dollar_String/Dollar.go:21.2,21.11 1 1
example.com/m/Dollar_String/Dollar.go:21.11,23.3 1 1
example.com/m/Dollar_String/Dollar.go:24.2,24.12 1 1
example.com/m/Dollar_String/Dollar.go:24.12,26.3 1 1
example.com/m/Dollar_String/Dollar.go:28.2,28.31 1 1
example.com/m/Dollar_String/Dollar.go:31.13,37.3 4 0
